#
# There is insufficient memory for the Java Runtime Environment to continue.
# Native memory allocation (mmap) failed to map 11534336 bytes. Error detail: G1 virtual space
# Possible reasons:
#   The system is out of physical RAM or swap space
#   This process is running with CompressedOops enabled, and the Java Heap may be blocking the growth of the native heap
# Possible solutions:
#   Reduce memory load on the system
#   Increase physical memory or swap space
#   Check if swap backing store is full
#   Decrease Java heap size (-Xmx/-Xms)
#   Decrease number of Java threads
#   Decrease Java thread stack sizes (-Xss)
#   Set larger code cache with -XX:ReservedCodeCacheSize=
#   JVM is running with Unscaled Compressed Oops mode in which the Java heap is
#     placed in the first 4GB address space. The Java Heap base address is the
#     maximum limit for the native heap growth. Please use -XX:HeapBaseMinAddress
#     to set the Java Heap base and to place the Java Heap above 4GB virtual address.
# This output file may be truncated or incomplete.
#
#  Out of Memory Error (os_windows.cpp:3616), pid=473768, tid=473848
#
# JRE version: OpenJDK Runtime Environment Temurin-21.0.5+11 (21.0.5+11) (build 21.0.5+11-LTS)
# Java VM: OpenJDK 64-Bit Server VM Temurin-21.0.5+11 (21.0.5+11-LTS, mixed mode, emulated-client, sharing, tiered, compressed oops, compressed class ptrs, g1 gc, windows-amd64)
# No core dump will be written. Minidumps are not enabled by default on client versions of Windows
#

---------------  S U M M A R Y ------------

Command Line: -Dcom.sun.management.jmxremote -Dcom.sun.management.jmxremote.port=63302 -Dcom.sun.management.jmxremote.authenticate=false -Dcom.sun.management.jmxremote.ssl=false -Djava.rmi.server.hostname=localhost -Dspring.jmx.enabled=true -Dmanagement.endpoints.jmx.exposure.include=* -Dspring.application.admin.enabled=true -XX:TieredStopAtLevel=1 -Dspring.boot.project.name=sensors-contract -Dfile.encoding=UTF-8 -Dstdout.encoding=UTF-8 -Dstderr.encoding=UTF-8 -XX:+ShowCodeDetailsInExceptionMessages com.maqfiltros.sensors_contract.SensorsContractApplication --spring.output.ansi.enabled=always

Host: AMD Ryzen 5 7520U with Radeon Graphics         , 8 cores, 5G,  Windows 11 , 64 bit Build 26100 (10.0.26100.3037)
Time: Fri Feb  7 17:46:24 2025 Hora Padrão da Bahia elapsed time: 7.275874 seconds (0d 0h 0m 7s)

---------------  T H R E A D  ---------------

Current thread (0x000001d41895e2c0):  VMThread "VM Thread"          [id=473848, stack(0x000000920fc00000,0x000000920fd00000) (1024K)]

Stack: [0x000000920fc00000,0x000000920fd00000]
Native frames: (J=compiled Java code, j=interpreted, Vv=VM code, C=native code)
V  [jvm.dll+0x6cd4e9]
V  [jvm.dll+0x8a7941]
V  [jvm.dll+0x8a9e6e]
V  [jvm.dll+0x8aa543]
V  [jvm.dll+0x27f6d6]
V  [jvm.dll+0x6c9c25]
V  [jvm.dll+0x6be84a]
V  [jvm.dll+0x355c6a]
V  [jvm.dll+0x35d836]
V  [jvm.dll+0x3af40e]
V  [jvm.dll+0x3af6b8]
V  [jvm.dll+0x329dfc]
V  [jvm.dll+0x329e87]
V  [jvm.dll+0x36dc4c]
V  [jvm.dll+0x36c498]
V  [jvm.dll+0x3295c1]
V  [jvm.dll+0x32ce86]
V  [jvm.dll+0x380ee6]
V  [jvm.dll+0x8b025f]
V  [jvm.dll+0x8b15e4]
V  [jvm.dll+0x8b1b20]
V  [jvm.dll+0x8b1dc3]
V  [jvm.dll+0x8514fb]
V  [jvm.dll+0x6cbbed]
C  [ucrtbase.dll+0x37b0]
C  [KERNEL32.DLL+0x2e8d7]
C  [ntdll.dll+0xbbf2c]

VM_Operation (0x000000920f5fbe40): CollectForMetadataAllocation, mode: safepoint, requested by thread 0x000001d40b585420


---------------  P R O C E S S  ---------------

Threads class SMR info:
_java_thread_list=0x000001d45fa8b800, length=20, elements={
0x000001d40b585420, 0x000001d41897d9e0, 0x000001d41897e430, 0x000001d418984620,
0x000001d418985070, 0x000001d4189860e0, 0x000001d41898ec80, 0x000001d418c010a0,
0x000001d41898d8d0, 0x000001d418990030, 0x000001d41898f310, 0x000001d41898df60,
0x000001d418990d50, 0x000001d41898e5f0, 0x000001d4189906c0, 0x000001d41898f9a0,
0x000001d45e4218c0, 0x000001d45e41fe80, 0x000001d45e421f50, 0x000001d45e41f7f0
}

Java Threads: ( => current thread )
  0x000001d40b585420 JavaThread "main"                              [_thread_blocked, id=473812, stack(0x000000920f500000,0x000000920f600000) (1024K)]
  0x000001d41897d9e0 JavaThread "Reference Handler"          daemon [_thread_blocked, id=473864, stack(0x000000920fd00000,0x000000920fe00000) (1024K)]
  0x000001d41897e430 JavaThread "Finalizer"                  daemon [_thread_blocked, id=473868, stack(0x000000920fe00000,0x000000920ff00000) (1024K)]
  0x000001d418984620 JavaThread "Signal Dispatcher"          daemon [_thread_blocked, id=473872, stack(0x000000920ff00000,0x0000009210000000) (1024K)]
  0x000001d418985070 JavaThread "Attach Listener"            daemon [_thread_blocked, id=473876, stack(0x0000009210000000,0x0000009210100000) (1024K)]
  0x000001d4189860e0 JavaThread "Service Thread"             daemon [_thread_blocked, id=473880, stack(0x0000009210100000,0x0000009210200000) (1024K)]
  0x000001d41898ec80 JavaThread "Monitor Deflation Thread"   daemon [_thread_blocked, id=473884, stack(0x0000009210200000,0x0000009210300000) (1024K)]
  0x000001d418c010a0 JavaThread "C1 CompilerThread0"         daemon [_thread_blocked, id=473888, stack(0x0000009210300000,0x0000009210400000) (1024K)]
  0x000001d41898d8d0 JavaThread "Common-Cleaner"             daemon [_thread_blocked, id=473892, stack(0x0000009210400000,0x0000009210500000) (1024K)]
  0x000001d418990030 JavaThread "Notification Thread"        daemon [_thread_blocked, id=473904, stack(0x0000009210500000,0x0000009210600000) (1024K)]
  0x000001d41898f310 JavaThread "RMI TCP Accept-0"           daemon [_thread_in_native, id=473968, stack(0x0000009210600000,0x0000009210700000) (1024K)]
  0x000001d41898df60 JavaThread "RMI TCP Accept-63302"       daemon [_thread_in_native, id=473972, stack(0x0000009210700000,0x0000009210800000) (1024K)]
  0x000001d418990d50 JavaThread "RMI TCP Accept-0"           daemon [_thread_in_native, id=473976, stack(0x0000009210800000,0x0000009210900000) (1024K)]
  0x000001d41898e5f0 JavaThread "RMI TCP Connection(1)-127.0.0.1" daemon [_thread_in_native, id=473988, stack(0x0000009210900000,0x0000009210a00000) (1024K)]
  0x000001d4189906c0 JavaThread "RMI Scheduler(0)"           daemon [_thread_blocked, id=473992, stack(0x0000009210a00000,0x0000009210b00000) (1024K)]
  0x000001d41898f9a0 JavaThread "RMI TCP Connection(2)-127.0.0.1" daemon [_thread_blocked, id=474012, stack(0x0000009210b00000,0x0000009210c00000) (1024K)]
  0x000001d45e4218c0 JavaThread "JMX server connection timeout 28" daemon [_thread_blocked, id=474028, stack(0x0000009210c00000,0x0000009210d00000) (1024K)]
  0x000001d45e41fe80 JavaThread "Catalina-utility-1"                [_thread_blocked, id=471428, stack(0x0000009211500000,0x0000009211600000) (1024K)]
  0x000001d45e421f50 JavaThread "Catalina-utility-2"                [_thread_blocked, id=466736, stack(0x0000009211600000,0x0000009211700000) (1024K)]
  0x000001d45e41f7f0 JavaThread "container-0"                       [_thread_blocked, id=473200, stack(0x0000009211700000,0x0000009211800000) (1024K)]
Total: 20

Other Threads:
=>0x000001d41895e2c0 VMThread "VM Thread"                           [id=473848, stack(0x000000920fc00000,0x000000920fd00000) (1024K)]
  0x000001d418949620 WatcherThread "VM Periodic Task Thread"        [id=473844, stack(0x000000920fb00000,0x000000920fc00000) (1024K)]
  0x000001d40b7468e0 WorkerThread "GC Thread#0"                     [id=473816, stack(0x000000920f600000,0x000000920f700000) (1024K)]
  0x000001d45e4820e0 WorkerThread "GC Thread#1"                     [id=474036, stack(0x0000009210d00000,0x0000009210e00000) (1024K)]
  0x000001d45e4ca1b0 WorkerThread "GC Thread#2"                     [id=474040, stack(0x0000009210e00000,0x0000009210f00000) (1024K)]
  0x000001d45e4ca550 WorkerThread "GC Thread#3"                     [id=474044, stack(0x0000009210f00000,0x0000009211000000) (1024K)]
  0x000001d45e4ca8f0 WorkerThread "GC Thread#4"                     [id=474048, stack(0x0000009211000000,0x0000009211100000) (1024K)]
  0x000001d45e4cac90 WorkerThread "GC Thread#5"                     [id=474052, stack(0x0000009211100000,0x0000009211200000) (1024K)]
  0x000001d45e4cd040 WorkerThread "GC Thread#6"                     [id=474056, stack(0x0000009211200000,0x0000009211300000) (1024K)]
  0x000001d45e4ce3f0 WorkerThread "GC Thread#7"                     [id=474060, stack(0x0000009211300000,0x0000009211400000) (1024K)]
  0x000001d40b754e20 ConcurrentGCThread "G1 Main Marker"            [id=473820, stack(0x000000920f700000,0x000000920f800000) (1024K)]
  0x000001d40b755fd0 WorkerThread "G1 Conc#0"                       [id=473824, stack(0x000000920f800000,0x000000920f900000) (1024K)]
  0x000001d45f260f00 WorkerThread "G1 Conc#1"                       [id=474080, stack(0x0000009211400000,0x0000009211500000) (1024K)]
  0x000001d40b7ae640 ConcurrentGCThread "G1 Refine#0"               [id=473828, stack(0x000000920f900000,0x000000920fa00000) (1024K)]
  0x000001d4188193e0 ConcurrentGCThread "G1 Service"                [id=473832, stack(0x000000920fa00000,0x000000920fb00000) (1024K)]
Total: 15

Threads with active compile tasks:
Total: 0

VM state: at safepoint (normal execution)

VM Mutex/Monitor currently owned by a thread:  ([mutex/lock_event])
[0x00007ffc389fd380] Threads_lock - owner thread: 0x000001d41895e2c0
[0x00007ffc389fd480] Heap_lock - owner thread: 0x000001d40b585420

Heap address: 0x00000000a4200000, size: 1470 MB, Compressed Oops mode: 32-bit

CDS archive(s) mapped at: [0x000001d419000000-0x000001d419c80000-0x000001d419c80000), size 13107200, SharedBaseAddress: 0x000001d419000000, ArchiveRelocationMode: 1.
Compressed class space mapped at: 0x000001d41a000000-0x000001d45a000000, reserved size: 1073741824
Narrow klass base: 0x000001d419000000, Narrow klass shift: 0, Narrow klass range: 0x100000000

GC Precious Log:
 CardTable entry size: 512
 Card Set container configuration: InlinePtr #cards 5 size 8 Array Of Cards #cards 12 size 40 Howl #buckets 4 coarsen threshold 1843 Howl Bitmap #cards 512 size 80 coarsen threshold 460 Card regions per heap region 1 cards per card region 2048
 CPUs: 8 total, 8 available
 Memory: 5877M
 Large Page Support: Disabled
 NUMA Support: Disabled
 Compressed Oops: Enabled (32-bit)
 Heap Region Size: 1M
 Heap Min Capacity: 8M
 Heap Initial Capacity: 92M
 Heap Max Capacity: 1470M
 Pre-touch: Disabled
 Parallel Workers: 8
 Concurrent Workers: 2
 Concurrent Refinement Workers: 8
 Periodic GC: Disabled

Heap:
 garbage-first heap   total 55296K, used 22833K [0x00000000a4200000, 0x0000000100000000)
  region size 1024K, 2 young (2048K), 2 survivors (2048K)
 Metaspace       used 35392K, committed 35968K, reserved 1114112K
  class space    used 4788K, committed 5056K, reserved 1048576K

Heap Regions: E=young(eden), S=young(survivor), O=old, HS=humongous(starts), HC=humongous(continues), CS=collection set, F=free, TAMS=top-at-mark-start, PB=parsable bottom
|   0|0x00000000a4200000, 0x00000000a4300000, 0x00000000a4300000|100%|HS|  |TAMS 0x00000000a4300000| PB 0x00000000a4200000| Complete 
|   1|0x00000000a4300000, 0x00000000a4400000, 0x00000000a4400000|100%|HS|  |TAMS 0x00000000a4400000| PB 0x00000000a4300000| Complete 
|   2|0x00000000a4400000, 0x00000000a4500000, 0x00000000a4500000|100%| O|  |TAMS 0x00000000a4500000| PB 0x00000000a4400000| Untracked 
|   3|0x00000000a4500000, 0x00000000a4600000, 0x00000000a4600000|100%| O|  |TAMS 0x00000000a4600000| PB 0x00000000a4500000| Untracked 
|   4|0x00000000a4600000, 0x00000000a4700000, 0x00000000a4700000|100%| O|  |TAMS 0x00000000a4700000| PB 0x00000000a4600000| Untracked 
|   5|0x00000000a4700000, 0x00000000a4800000, 0x00000000a4800000|100%| O|  |TAMS 0x00000000a4800000| PB 0x00000000a4700000| Untracked 
|   6|0x00000000a4800000, 0x00000000a4900000, 0x00000000a4900000|100%| O|  |TAMS 0x00000000a4900000| PB 0x00000000a4800000| Untracked 
|   7|0x00000000a4900000, 0x00000000a4a00000, 0x00000000a4a00000|100%| O|  |TAMS 0x00000000a4a00000| PB 0x00000000a4900000| Untracked 
|   8|0x00000000a4a00000, 0x00000000a4b00000, 0x00000000a4b00000|100%| O|  |TAMS 0x00000000a4b00000| PB 0x00000000a4a00000| Untracked 
|   9|0x00000000a4b00000, 0x00000000a4c00000, 0x00000000a4c00000|100%| O|  |TAMS 0x00000000a4b00000| PB 0x00000000a4b00000| Untracked 
|  10|0x00000000a4c00000, 0x00000000a4d00000, 0x00000000a4d00000|100%| O|  |TAMS 0x00000000a4d00000| PB 0x00000000a4c00000| Untracked 
|  11|0x00000000a4d00000, 0x00000000a4e00000, 0x00000000a4e00000|100%| O|  |TAMS 0x00000000a4e00000| PB 0x00000000a4d00000| Untracked 
|  12|0x00000000a4e00000, 0x00000000a4f00000, 0x00000000a4f00000|100%| O|  |TAMS 0x00000000a4f00000| PB 0x00000000a4e00000| Untracked 
|  13|0x00000000a4f00000, 0x00000000a5000000, 0x00000000a5000000|100%| O|  |TAMS 0x00000000a5000000| PB 0x00000000a4f00000| Untracked 
|  14|0x00000000a5000000, 0x00000000a5100000, 0x00000000a5100000|100%| O|  |TAMS 0x00000000a5100000| PB 0x00000000a5000000| Untracked 
|  15|0x00000000a5100000, 0x00000000a5200000, 0x00000000a5200000|100%| O|  |TAMS 0x00000000a5200000| PB 0x00000000a5100000| Untracked 
|  16|0x00000000a5200000, 0x00000000a5300000, 0x00000000a5300000|100%| O|  |TAMS 0x00000000a5300000| PB 0x00000000a5200000| Untracked 
|  17|0x00000000a5300000, 0x00000000a5400000, 0x00000000a5400000|100%| O|  |TAMS 0x00000000a5400000| PB 0x00000000a5300000| Untracked 
|  18|0x00000000a5400000, 0x00000000a5500000, 0x00000000a5500000|100%| O|  |TAMS 0x00000000a5400000| PB 0x00000000a5400000| Untracked 
|  19|0x00000000a5500000, 0x00000000a5600000, 0x00000000a5600000|100%| O|  |TAMS 0x00000000a5500000| PB 0x00000000a5500000| Untracked 
|  20|0x00000000a5600000, 0x00000000a56f8ca0, 0x00000000a5700000| 97%| O|  |TAMS 0x00000000a5600000| PB 0x00000000a5600000| Untracked 
|  21|0x00000000a5700000, 0x00000000a5700000, 0x00000000a5800000|  0%| F|  |TAMS 0x00000000a5700000| PB 0x00000000a5700000| Untracked 
|  22|0x00000000a5800000, 0x00000000a5800000, 0x00000000a5900000|  0%| F|  |TAMS 0x00000000a5800000| PB 0x00000000a5800000| Untracked 
|  23|0x00000000a5900000, 0x00000000a5900000, 0x00000000a5a00000|  0%| F|  |TAMS 0x00000000a5900000| PB 0x00000000a5900000| Untracked 
|  24|0x00000000a5a00000, 0x00000000a5a00000, 0x00000000a5b00000|  0%| F|  |TAMS 0x00000000a5a00000| PB 0x00000000a5a00000| Untracked 
|  25|0x00000000a5b00000, 0x00000000a5b00000, 0x00000000a5c00000|  0%| F|  |TAMS 0x00000000a5b00000| PB 0x00000000a5b00000| Untracked 
|  26|0x00000000a5c00000, 0x00000000a5c00000, 0x00000000a5d00000|  0%| F|  |TAMS 0x00000000a5c00000| PB 0x00000000a5c00000| Untracked 
|  27|0x00000000a5d00000, 0x00000000a5d00000, 0x00000000a5e00000|  0%| F|  |TAMS 0x00000000a5d00000| PB 0x00000000a5d00000| Untracked 
|  28|0x00000000a5e00000, 0x00000000a5e00000, 0x00000000a5f00000|  0%| F|  |TAMS 0x00000000a5e00000| PB 0x00000000a5e00000| Untracked 
|  29|0x00000000a5f00000, 0x00000000a5f00000, 0x00000000a6000000|  0%| F|  |TAMS 0x00000000a5f00000| PB 0x00000000a5f00000| Untracked 
|  30|0x00000000a6000000, 0x00000000a6000000, 0x00000000a6100000|  0%| F|  |TAMS 0x00000000a6000000| PB 0x00000000a6000000| Untracked 
|  31|0x00000000a6100000, 0x00000000a6100000, 0x00000000a6200000|  0%| F|  |TAMS 0x00000000a6100000| PB 0x00000000a6100000| Untracked 
|  32|0x00000000a6200000, 0x00000000a6253a80, 0x00000000a6300000| 32%| S|CS|TAMS 0x00000000a6200000| PB 0x00000000a6200000| Complete 
|  33|0x00000000a6300000, 0x00000000a6400000, 0x00000000a6400000|100%| S|CS|TAMS 0x00000000a6300000| PB 0x00000000a6300000| Complete 
|  34|0x00000000a6400000, 0x00000000a6400000, 0x00000000a6500000|  0%| F|  |TAMS 0x00000000a6400000| PB 0x00000000a6400000| Untracked 
|  35|0x00000000a6500000, 0x00000000a6500000, 0x00000000a6600000|  0%| F|  |TAMS 0x00000000a6500000| PB 0x00000000a6500000| Untracked 
|  36|0x00000000a6600000, 0x00000000a6600000, 0x00000000a6700000|  0%| F|  |TAMS 0x00000000a6600000| PB 0x00000000a6600000| Untracked 
|  37|0x00000000a6700000, 0x00000000a6700000, 0x00000000a6800000|  0%| F|  |TAMS 0x00000000a6700000| PB 0x00000000a6700000| Untracked 
|  38|0x00000000a6800000, 0x00000000a6800000, 0x00000000a6900000|  0%| F|  |TAMS 0x00000000a6800000| PB 0x00000000a6800000| Untracked 
|  39|0x00000000a6900000, 0x00000000a6900000, 0x00000000a6a00000|  0%| F|  |TAMS 0x00000000a6900000| PB 0x00000000a6900000| Untracked 
|  40|0x00000000a6a00000, 0x00000000a6a00000, 0x00000000a6b00000|  0%| F|  |TAMS 0x00000000a6a00000| PB 0x00000000a6a00000| Untracked 
|  41|0x00000000a6b00000, 0x00000000a6b00000, 0x00000000a6c00000|  0%| F|  |TAMS 0x00000000a6b00000| PB 0x00000000a6b00000| Untracked 
|  42|0x00000000a6c00000, 0x00000000a6c00000, 0x00000000a6d00000|  0%| F|  |TAMS 0x00000000a6c00000| PB 0x00000000a6c00000| Untracked 
|  43|0x00000000a6d00000, 0x00000000a6d00000, 0x00000000a6e00000|  0%| F|  |TAMS 0x00000000a6d00000| PB 0x00000000a6d00000| Untracked 
|  44|0x00000000a6e00000, 0x00000000a6e00000, 0x00000000a6f00000|  0%| F|  |TAMS 0x00000000a6e00000| PB 0x00000000a6e00000| Untracked 
|  45|0x00000000a6f00000, 0x00000000a6f00000, 0x00000000a7000000|  0%| F|  |TAMS 0x00000000a6f00000| PB 0x00000000a6f00000| Untracked 
|  46|0x00000000a7000000, 0x00000000a7000000, 0x00000000a7100000|  0%| F|  |TAMS 0x00000000a7000000| PB 0x00000000a7000000| Untracked 
|  47|0x00000000a7100000, 0x00000000a7100000, 0x00000000a7200000|  0%| F|  |TAMS 0x00000000a7100000| PB 0x00000000a7100000| Untracked 
|  48|0x00000000a7200000, 0x00000000a7200000, 0x00000000a7300000|  0%| F|  |TAMS 0x00000000a7200000| PB 0x00000000a7200000| Untracked 
|  49|0x00000000a7300000, 0x00000000a7300000, 0x00000000a7400000|  0%| F|  |TAMS 0x00000000a7300000| PB 0x00000000a7300000| Untracked 
|  50|0x00000000a7400000, 0x00000000a7400000, 0x00000000a7500000|  0%| F|  |TAMS 0x00000000a7400000| PB 0x00000000a7400000| Untracked 
|  51|0x00000000a7500000, 0x00000000a7500000, 0x00000000a7600000|  0%| F|  |TAMS 0x00000000a7500000| PB 0x00000000a7500000| Untracked 
|  52|0x00000000a7600000, 0x00000000a7600000, 0x00000000a7700000|  0%| F|  |TAMS 0x00000000a7600000| PB 0x00000000a7600000| Untracked 
|  91|0x00000000a9d00000, 0x00000000a9d00000, 0x00000000a9e00000|  0%| F|  |TAMS 0x00000000a9d00000| PB 0x00000000a9d00000| Untracked 

Card table byte_map: [0x000001d414600000,0x000001d4148e0000] _byte_map_base: 0x000001d4140df000

Marking Bits: (CMBitMap*) 0x000001d40b746ef0
 Bits: [0x000001d4148e0000, 0x000001d415fd8000)

Polling page: 0x000001d40b7b0000

Metaspace:

Usage:
  Non-class:     29.89 MB used.
      Class:      4.68 MB used.
       Both:     34.56 MB used.

Virtual space:
  Non-class space:       64.00 MB reserved,      30.19 MB ( 47%) committed,  1 nodes.
      Class space:        1.00 GB reserved,       4.94 MB ( <1%) committed,  1 nodes.
             Both:        1.06 GB reserved,      35.12 MB (  3%) committed. 

Chunk freelists:
   Non-Class:  1.12 MB
       Class:  11.03 MB
        Both:  12.16 MB

MaxMetaspaceSize: unlimited
CompressedClassSpaceSize: 1.00 GB
Initial GC threshold: 21.00 MB
Current GC threshold: 35.12 MB
CDS: on
 - commit_granule_bytes: 65536.
 - commit_granule_words: 8192.
 - virtual_space_node_default_size: 8388608.
 - enlarge_chunks_in_place: 1.
 - use_allocation_guard: 0.


Internal statistics:

num_allocs_failed_limit: 6.
num_arena_births: 734.
num_arena_deaths: 0.
num_vsnodes_births: 2.
num_vsnodes_deaths: 0.
num_space_committed: 562.
num_space_uncommitted: 0.
num_chunks_returned_to_freelist: 6.
num_chunks_taken_from_freelist: 1937.
num_chunk_merges: 6.
num_chunk_splits: 1334.
num_chunks_enlarged: 946.
num_inconsistent_stats: 0.

CodeCache: size=49152Kb used=7970Kb max_used=7970Kb free=41181Kb
 bounds [0x000001d410bb0000, 0x000001d411380000, 0x000001d413bb0000]
 total_blobs=4845 nmethods=4291 adapters=478
 compilation: enabled
              stopped_count=0, restarted_count=0
 full_count=0

Compilation events (20 events):
Event: 5.185 Thread 0x000001d418c010a0 4281       1       java.io.PushbackInputStream::read (129 bytes)
Event: 5.185 Thread 0x000001d418c010a0 nmethod 4281 0x000001d411372710 code [0x000001d411372920, 0x000001d411372de0]
Event: 5.185 Thread 0x000001d418c010a0 4282       1       java.io.PushbackInputStream::ensureOpen (18 bytes)
Event: 5.185 Thread 0x000001d418c010a0 nmethod 4282 0x000001d411373010 code [0x000001d4113731c0, 0x000001d411373328]
Event: 5.185 Thread 0x000001d418c010a0 4283       1       java.util.zip.ZipInputStream::read (288 bytes)
Event: 5.186 Thread 0x000001d418c010a0 nmethod 4283 0x000001d411373410 code [0x000001d411373720, 0x000001d411374128]
Event: 5.186 Thread 0x000001d418c010a0 4287       1       java.util.zip.ZipUtils::get32 (23 bytes)
Event: 5.187 Thread 0x000001d418c010a0 nmethod 4287 0x000001d411374690 code [0x000001d411374820, 0x000001d411374960]
Event: 5.187 Thread 0x000001d418c010a0 4284       1       java.util.zip.ZipCoder$UTF8ZipCoder::toString (12 bytes)
Event: 5.187 Thread 0x000001d418c010a0 nmethod 4284 0x000001d411374a10 code [0x000001d411374bc0, 0x000001d411374cb0]
Event: 5.187 Thread 0x000001d418c010a0 4285       1       java.lang.System$2::newStringUTF8NoRepl (8 bytes)
Event: 5.187 Thread 0x000001d418c010a0 nmethod 4285 0x000001d411374d90 code [0x000001d411374f40, 0x000001d411375030]
Event: 5.187 Thread 0x000001d418c010a0 4286       1       java.lang.String::newStringUTF8NoRepl (322 bytes)
Event: 5.188 Thread 0x000001d418c010a0 nmethod 4286 0x000001d411375090 code [0x000001d4113753c0, 0x000001d4113764f0]
Event: 5.191 Thread 0x000001d418c010a0 4288       1       java.util.zip.ZipInputStream::readFully (44 bytes)
Event: 5.191 Thread 0x000001d418c010a0 nmethod 4288 0x000001d411376c10 code [0x000001d411376dc0, 0x000001d411376fc0]
Event: 5.192 Thread 0x000001d418c010a0 4289       1       java.util.zip.ZipInputStream::closeEntry (31 bytes)
Event: 5.192 Thread 0x000001d418c010a0 nmethod 4289 0x000001d411377110 code [0x000001d4113772c0, 0x000001d411377498]
Event: 5.230 Thread 0x000001d418c010a0 4290       1       java.util.regex.Pattern$Node::study (21 bytes)
Event: 5.230 Thread 0x000001d418c010a0 nmethod 4290 0x000001d411377f10 code [0x000001d4113780c0, 0x000001d4113781f8]

GC Heap History (13 events):
Event: 1.201 GC heap before
{Heap before GC invocations=0 (full 0):
 garbage-first heap   total 94208K, used 24576K [0x00000000a4200000, 0x0000000100000000)
  region size 1024K, 23 young (23552K), 0 survivors (0K)
 Metaspace       used 7133K, committed 7424K, reserved 1114112K
  class space    used 868K, committed 1024K, reserved 1048576K
}
Event: 1.210 GC heap after
{Heap after GC invocations=1 (full 0):
 garbage-first heap   total 94208K, used 9216K [0x00000000a4200000, 0x0000000100000000)
  region size 1024K, 3 young (3072K), 3 survivors (3072K)
 Metaspace       used 7133K, committed 7424K, reserved 1114112K
  class space    used 868K, committed 1024K, reserved 1048576K
}
Event: 1.828 GC heap before
{Heap before GC invocations=1 (full 0):
 garbage-first heap   total 94208K, used 35840K [0x00000000a4200000, 0x0000000100000000)
  region size 1024K, 29 young (29696K), 3 survivors (3072K)
 Metaspace       used 13356K, committed 13696K, reserved 1114112K
  class space    used 1756K, committed 1920K, reserved 1048576K
}
Event: 1.847 GC heap after
{Heap after GC invocations=2 (full 0):
 garbage-first heap   total 94208K, used 11630K [0x00000000a4200000, 0x0000000100000000)
  region size 1024K, 2 young (2048K), 2 survivors (2048K)
 Metaspace       used 13356K, committed 13696K, reserved 1114112K
  class space    used 1756K, committed 1920K, reserved 1048576K
}
Event: 2.771 GC heap before
{Heap before GC invocations=2 (full 0):
 garbage-first heap   total 94208K, used 52590K [0x00000000a4200000, 0x0000000100000000)
  region size 1024K, 44 young (45056K), 2 survivors (2048K)
 Metaspace       used 21167K, committed 21504K, reserved 1114112K
  class space    used 2723K, committed 2880K, reserved 1048576K
}
Event: 2.779 GC heap after
{Heap after GC invocations=3 (full 0):
 garbage-first heap   total 94208K, used 15726K [0x00000000a4200000, 0x0000000100000000)
  region size 1024K, 6 young (6144K), 6 survivors (6144K)
 Metaspace       used 21167K, committed 21504K, reserved 1114112K
  class space    used 2723K, committed 2880K, reserved 1048576K
}
Event: 3.511 GC heap before
{Heap before GC invocations=4 (full 0):
 garbage-first heap   total 55296K, used 42350K [0x00000000a4200000, 0x0000000100000000)
  region size 1024K, 32 young (32768K), 6 survivors (6144K)
 Metaspace       used 25230K, committed 25600K, reserved 1114112K
  class space    used 3294K, committed 3456K, reserved 1048576K
}
Event: 3.536 GC heap after
{Heap after GC invocations=5 (full 0):
 garbage-first heap   total 55296K, used 17581K [0x00000000a4200000, 0x0000000100000000)
  region size 1024K, 3 young (3072K), 3 survivors (3072K)
 Metaspace       used 25230K, committed 25600K, reserved 1114112K
  class space    used 3294K, committed 3456K, reserved 1048576K
}
Event: 4.251 GC heap before
{Heap before GC invocations=5 (full 0):
 garbage-first heap   total 55296K, used 40109K [0x00000000a4200000, 0x0000000100000000)
  region size 1024K, 26 young (26624K), 3 survivors (3072K)
 Metaspace       used 28776K, committed 29312K, reserved 1114112K
  class space    used 3892K, committed 4096K, reserved 1048576K
}
Event: 4.258 GC heap after
{Heap after GC invocations=6 (full 0):
 garbage-first heap   total 55296K, used 18981K [0x00000000a4200000, 0x0000000100000000)
  region size 1024K, 2 young (2048K), 2 survivors (2048K)
 Metaspace       used 28776K, committed 29312K, reserved 1114112K
  class space    used 3892K, committed 4096K, reserved 1048576K
}
Event: 4.784 GC heap before
{Heap before GC invocations=6 (full 0):
 garbage-first heap   total 55296K, used 43557K [0x00000000a4200000, 0x0000000100000000)
  region size 1024K, 26 young (26624K), 2 survivors (2048K)
 Metaspace       used 32237K, committed 32768K, reserved 1114112K
  class space    used 4393K, committed 4672K, reserved 1048576K
}
Event: 4.792 GC heap after
{Heap after GC invocations=7 (full 0):
 garbage-first heap   total 55296K, used 21504K [0x00000000a4200000, 0x0000000100000000)
  region size 1024K, 4 young (4096K), 4 survivors (4096K)
 Metaspace       used 32237K, committed 32768K, reserved 1114112K
  class space    used 4393K, committed 4672K, reserved 1048576K
}
Event: 5.251 GC heap before
{Heap before GC invocations=7 (full 0):
 garbage-first heap   total 55296K, used 40960K [0x00000000a4200000, 0x0000000100000000)
  region size 1024K, 24 young (24576K), 4 survivors (4096K)
 Metaspace       used 35392K, committed 35968K, reserved 1114112K
  class space    used 4788K, committed 5056K, reserved 1048576K
}

Dll operation events (10 events):
Event: 0.020 Loaded shared library C:\Users\GabrielSales\Documents\sts-4.27.0.RELEASE\plugins\org.eclipse.justj.openjdk.hotspot.jre.full.win32.x86_64_21.0.5.v20241023-1957\jre\bin\java.dll
Event: 0.072 Loaded shared library C:\Users\GabrielSales\Documents\sts-4.27.0.RELEASE\plugins\org.eclipse.justj.openjdk.hotspot.jre.full.win32.x86_64_21.0.5.v20241023-1957\jre\bin\zip.dll
Event: 0.235 Loaded shared library C:\Users\GabrielSales\Documents\sts-4.27.0.RELEASE\plugins\org.eclipse.justj.openjdk.hotspot.jre.full.win32.x86_64_21.0.5.v20241023-1957\jre\bin\jimage.dll
Event: 0.245 Loaded shared library C:\Users\GabrielSales\Documents\sts-4.27.0.RELEASE\plugins\org.eclipse.justj.openjdk.hotspot.jre.full.win32.x86_64_21.0.5.v20241023-1957\jre\bin\net.dll
Event: 0.249 Loaded shared library C:\Users\GabrielSales\Documents\sts-4.27.0.RELEASE\plugins\org.eclipse.justj.openjdk.hotspot.jre.full.win32.x86_64_21.0.5.v20241023-1957\jre\bin\nio.dll
Event: 0.253 Loaded shared library C:\Users\GabrielSales\Documents\sts-4.27.0.RELEASE\plugins\org.eclipse.justj.openjdk.hotspot.jre.full.win32.x86_64_21.0.5.v20241023-1957\jre\bin\zip.dll
Event: 0.443 Loaded shared library C:\Users\GabrielSales\Documents\sts-4.27.0.RELEASE\plugins\org.eclipse.justj.openjdk.hotspot.jre.full.win32.x86_64_21.0.5.v20241023-1957\jre\bin\management.dll
Event: 0.489 Loaded shared library C:\Users\GabrielSales\Documents\sts-4.27.0.RELEASE\plugins\org.eclipse.justj.openjdk.hotspot.jre.full.win32.x86_64_21.0.5.v20241023-1957\jre\bin\management_ext.dll
Event: 0.966 Loaded shared library C:\Users\GabrielSales\Documents\sts-4.27.0.RELEASE\plugins\org.eclipse.justj.openjdk.hotspot.jre.full.win32.x86_64_21.0.5.v20241023-1957\jre\bin\extnet.dll
Event: 2.251 Loaded shared library C:\Users\GabrielSales\Documents\sts-4.27.0.RELEASE\plugins\org.eclipse.justj.openjdk.hotspot.jre.full.win32.x86_64_21.0.5.v20241023-1957\jre\bin\sunmscapi.dll

Deoptimization events (2 events):
Event: 4.372 Thread 0x000001d40b585420 DEOPT PACKING pc=0x000001d41120608c sp=0x000000920f5fbfc0
Event: 4.372 Thread 0x000001d40b585420 DEOPT UNPACKING pc=0x000001d410c04e42 sp=0x000000920f5fb478 mode 0

Classes loaded (20 events):
Event: 5.159 Loading class java/util/concurrent/atomic/AtomicIntegerFieldUpdater$AtomicIntegerFieldUpdaterImpl$1
Event: 5.159 Loading class java/util/concurrent/atomic/AtomicIntegerFieldUpdater$AtomicIntegerFieldUpdaterImpl$1 done
Event: 5.175 Loading class java/util/concurrent/atomic/AtomicIntegerArray
Event: 5.175 Loading class java/util/concurrent/atomic/AtomicIntegerArray done
Event: 5.175 Loading class java/lang/invoke/VarHandleInts$Array
Event: 5.175 Loading class java/lang/invoke/VarHandleInts$Array done
Event: 5.180 Loading class java/util/concurrent/atomic/AtomicReferenceFieldUpdater
Event: 5.180 Loading class java/util/concurrent/atomic/AtomicReferenceFieldUpdater done
Event: 5.180 Loading class java/util/concurrent/atomic/AtomicReferenceFieldUpdater$AtomicReferenceFieldUpdaterImpl
Event: 5.180 Loading class java/util/concurrent/atomic/AtomicReferenceFieldUpdater$AtomicReferenceFieldUpdaterImpl done
Event: 5.180 Loading class java/util/concurrent/atomic/AtomicReferenceFieldUpdater$AtomicReferenceFieldUpdaterImpl$1
Event: 5.180 Loading class java/util/concurrent/atomic/AtomicReferenceFieldUpdater$AtomicReferenceFieldUpdaterImpl$1 done
Event: 5.181 Loading class java/util/zip/ZipInputStream
Event: 5.182 Loading class java/util/zip/ZipInputStream done
Event: 5.183 Loading class java/io/PushbackInputStream
Event: 5.183 Loading class java/io/PushbackInputStream done
Event: 5.189 Loading class java/io/StringWriter
Event: 5.189 Loading class java/io/StringWriter done
Event: 5.212 Loading class java/text/Collator
Event: 5.212 Loading class java/text/Collator done

Classes unloaded (0 events):
No events

Classes redefined (0 events):
No events

Internal exceptions (20 events):
Event: 4.320 Thread 0x000001d40b585420 Exception <a 'java/lang/NoSuchMethodError'{0x00000000a74cc670}: 'java.lang.Object java.lang.invoke.DirectMethodHandle$Holder.invokeStatic(java.lang.Object, java.lang.Object, java.lang.Object, java.lang.Object, int)'> (0x00000000a74cc670) 
thrown [s\src\hotspot\share\interpreter\linkResolver.cpp, line 773]
Event: 4.320 Thread 0x000001d40b585420 Exception <a 'java/lang/NoSuchMethodError'{0x00000000a74d3b20}: 'void java.lang.invoke.DelegatingMethodHandle$Holder.reinvoke_L(java.lang.Object, java.lang.Object, int)'> (0x00000000a74d3b20) 
thrown [s\src\hotspot\share\interpreter\linkResolver.cpp, line 773]
Event: 4.425 Thread 0x000001d40b585420 Exception <a 'java/lang/NoSuchMethodError'{0x00000000a7069268}: 'java.lang.Object java.lang.invoke.DirectMethodHandle$Holder.invokeSpecialIFC(java.lang.Object, java.lang.Object, java.lang.Object)'> (0x00000000a7069268) 
thrown [s\src\hotspot\share\interpreter\linkResolver.cpp, line 773]
Event: 4.468 Thread 0x000001d40b585420 Exception <a 'java/lang/NoSuchMethodError'{0x00000000a6fec5b0}: 'java.lang.Object java.lang.invoke.DirectMethodHandle$Holder.invokeVirtual(java.lang.Object, java.lang.Object, java.lang.Object, java.lang.Object, java.lang.Object)'> (0x00000000a6fec5b0) 
thrown [s\src\hotspot\share\interpreter\linkResolver.cpp, line 773]
Event: 4.556 Thread 0x000001d40b585420 Exception <a 'java/lang/NoSuchMethodError'{0x00000000a6cfb580}: 'java.lang.Object java.lang.invoke.DirectMethodHandle$Holder.invokeVirtual(java.lang.Object, java.lang.Object, java.lang.Object, java.lang.Object, java.lang.Object, java.lang.Object)'> (0x00000000a6cfb580) 
thrown [s\src\hotspot\share\interpreter\linkResolver.cpp, line 773]
Event: 4.567 Thread 0x000001d40b585420 Exception <a 'java/lang/IncompatibleClassChangeError'{0x00000000a6b5e260}: Found class java.lang.Object, but interface was expected> (0x00000000a6b5e260) 
thrown [s\src\hotspot\share\interpreter\linkResolver.cpp, line 840]
Event: 4.572 Thread 0x000001d40b585420 Exception <a 'java/lang/NoSuchMethodError'{0x00000000a6ba21d8}: 'void java.lang.invoke.DirectMethodHandle$Holder.invokeSpecial(java.lang.Object, java.lang.Object, java.lang.Object, java.lang.Object, java.lang.Object, java.lang.Object, java.lang.Object)'> (0x00000000a6ba21d8) 
thrown [s\src\hotspot\share\interpreter\linkResolver.cpp, line 773]
Event: 4.598 Thread 0x000001d40b585420 Exception <a 'java/lang/NoSuchMethodError'{0x00000000a6aae2f0}: 'void java.lang.invoke.DirectMethodHandle$Holder.invokeInterface(java.lang.Object, java.lang.Object, int)'> (0x00000000a6aae2f0) 
thrown [s\src\hotspot\share\interpreter\linkResolver.cpp, line 773]
Event: 4.600 Thread 0x000001d40b585420 Exception <a 'java/lang/IncompatibleClassChangeError'{0x00000000a6af1c70}: Found class java.lang.Object, but interface was expected> (0x00000000a6af1c70) 
thrown [s\src\hotspot\share\interpreter\linkResolver.cpp, line 840]
Event: 4.601 Thread 0x000001d40b585420 Exception <a 'java/lang/NoSuchMethodError'{0x00000000a690ffe0}: 'void java.lang.invoke.DirectMethodHandle$Holder.invokeStatic(java.lang.Object, int, java.lang.Object)'> (0x00000000a690ffe0) 
thrown [s\src\hotspot\share\interpreter\linkResolver.cpp, line 773]
Event: 4.605 Thread 0x000001d40b585420 Exception <a 'java/lang/NoSuchMethodError'{0x00000000a6948d10}: 'void java.lang.invoke.DirectMethodHandle$Holder.invokeStatic(java.lang.Object, java.lang.Object, java.lang.Object, int, java.lang.Object)'> (0x00000000a6948d10) 
thrown [s\src\hotspot\share\interpreter\linkResolver.cpp, line 773]
Event: 4.605 Thread 0x000001d40b585420 Exception <a 'java/lang/NoSuchMethodError'{0x00000000a694f6b0}: 'java.lang.Object java.lang.invoke.DirectMethodHandle$Holder.newInvokeSpecial(java.lang.Object, java.lang.Object, java.lang.Object, int)'> (0x00000000a694f6b0) 
thrown [s\src\hotspot\share\interpreter\linkResolver.cpp, line 773]
Event: 4.605 Thread 0x000001d40b585420 Exception <a 'java/lang/NoSuchMethodError'{0x00000000a6953540}: 'java.lang.Object java.lang.invoke.DirectMethodHandle$Holder.invokeSpecial(java.lang.Object, java.lang.Object, java.lang.Object, java.lang.Object, int)'> (0x00000000a6953540) 
thrown [s\src\hotspot\share\interpreter\linkResolver.cpp, line 773]
Event: 4.605 Thread 0x000001d40b585420 Exception <a 'java/lang/NoSuchMethodError'{0x00000000a69569e8}: 'java.lang.Object java.lang.invoke.Invokers$Holder.linkToTargetMethod(java.lang.Object, java.lang.Object, int, java.lang.Object)'> (0x00000000a69569e8) 
thrown [s\src\hotspot\share\interpreter\linkResolver.cpp, line 773]
Event: 4.807 Thread 0x000001d40b585420 Exception <a 'java/lang/NoSuchMethodError'{0x00000000a9d56c38}: 'int java.lang.invoke.DirectMethodHandle$Holder.invokeVirtual(java.lang.Object, java.lang.Object, java.lang.Object, java.lang.Object)'> (0x00000000a9d56c38) 
thrown [s\src\hotspot\share\interpreter\linkResolver.cpp, line 773]
Event: 4.808 Thread 0x000001d40b585420 Exception <a 'java/lang/NoSuchMethodError'{0x00000000a9d5a730}: 'int java.lang.invoke.DelegatingMethodHandle$Holder.reinvoke_L(java.lang.Object, java.lang.Object, java.lang.Object, java.lang.Object)'> (0x00000000a9d5a730) 
thrown [s\src\hotspot\share\interpreter\linkResolver.cpp, line 773]
Event: 4.905 Thread 0x000001d40b585420 Exception <a 'java/io/FileNotFoundException'{0x00000000a75bf720}> (0x00000000a75bf720) 
thrown [s\src\hotspot\share\prims\jni.cpp, line 520]
Event: 4.945 Thread 0x000001d40b585420 Exception <a 'java/lang/NoSuchMethodError'{0x00000000a73b0b80}: 'int java.lang.invoke.DirectMethodHandle$Holder.invokeInterface(java.lang.Object, java.lang.Object, java.lang.Object, java.lang.Object)'> (0x00000000a73b0b80) 
thrown [s\src\hotspot\share\interpreter\linkResolver.cpp, line 773]
Event: 5.016 Thread 0x000001d40b585420 Exception <a 'java/lang/NoSuchMethodError'{0x00000000a70d3790}: 'long java.lang.invoke.DirectMethodHandle$Holder.invokeVirtual(java.lang.Object, java.lang.Object)'> (0x00000000a70d3790) 
thrown [s\src\hotspot\share\interpreter\linkResolver.cpp, line 773]
Event: 5.082 Thread 0x000001d40b585420 Exception <a 'java/lang/NoSuchMethodError'{0x00000000a6a2f6d8}: 'java.lang.Object java.lang.invoke.DirectMethodHandle$Holder.newInvokeSpecial(java.lang.Object, java.lang.Object, java.lang.Object, java.lang.Object, java.lang.Object, java.lang.Object, java.lang.Object, java.lang.Object, java.lang.Object, java.lang.Object, java.lang.Object)'> (0x00000000a6a2f6d8) 
thrown [s\src\hotspot\share\interpreter\linkResolver.cpp, line 773]

ZGC Phase Switch (0 events):
No events

VM Operations (20 events):
Event: 4.781 Executing VM operation: HandshakeAllThreads (Deoptimize) done
Event: 4.784 Executing VM operation: HandshakeAllThreads (Deoptimize)
Event: 4.784 Executing VM operation: HandshakeAllThreads (Deoptimize) done
Event: 4.784 Executing VM operation: G1CollectForAllocation (G1 Evacuation Pause)
Event: 4.792 Executing VM operation: G1CollectForAllocation (G1 Evacuation Pause) done
Event: 4.877 Executing VM operation: HandshakeAllThreads (Deoptimize)
Event: 4.877 Executing VM operation: HandshakeAllThreads (Deoptimize) done
Event: 4.898 Executing VM operation: HandshakeAllThreads (Deoptimize)
Event: 4.898 Executing VM operation: HandshakeAllThreads (Deoptimize) done
Event: 4.975 Executing VM operation: HandshakeAllThreads (Deoptimize)
Event: 4.975 Executing VM operation: HandshakeAllThreads (Deoptimize) done
Event: 4.976 Executing VM operation: HandshakeAllThreads (Deoptimize)
Event: 4.976 Executing VM operation: HandshakeAllThreads (Deoptimize) done
Event: 5.025 Executing VM operation: HandshakeAllThreads (Deoptimize)
Event: 5.025 Executing VM operation: HandshakeAllThreads (Deoptimize) done
Event: 5.076 Executing VM operation: HandshakeAllThreads (Deoptimize)
Event: 5.077 Executing VM operation: HandshakeAllThreads (Deoptimize) done
Event: 5.227 Executing VM operation: HandshakeAllThreads (Deoptimize)
Event: 5.227 Executing VM operation: HandshakeAllThreads (Deoptimize) done
Event: 5.251 Executing VM operation: CollectForMetadataAllocation (Metadata GC Threshold)

Memory protections (0 events):
No events

Nmethod flushes (0 events):
No events

Events (20 events):
Event: 0.075 Thread 0x000001d40b585420 Thread added: 0x000001d418985070
Event: 0.075 Thread 0x000001d40b585420 Thread added: 0x000001d4189860e0
Event: 0.075 Thread 0x000001d40b585420 Thread added: 0x000001d41898ec80
Event: 0.075 Thread 0x000001d40b585420 Thread added: 0x000001d418c010a0
Event: 0.176 Thread 0x000001d40b585420 Thread added: 0x000001d41898d8d0
Event: 0.200 Thread 0x000001d40b585420 Thread added: 0x000001d418990030
Event: 0.974 Thread 0x000001d40b585420 Thread added: 0x000001d41898f310
Event: 0.991 Thread 0x000001d40b585420 Thread added: 0x000001d41898df60
Event: 1.013 Thread 0x000001d40b585420 Thread added: 0x000001d418990d50
Event: 1.061 Thread 0x000001d41898df60 Thread added: 0x000001d41898e5f0
Event: 1.079 Thread 0x000001d41898e5f0 Thread added: 0x000001d4189906c0
Event: 1.091 Thread 0x000001d41898f310 Thread added: 0x000001d41898f9a0
Event: 1.115 Thread 0x000001d41898f9a0 Thread added: 0x000001d45e4218c0
Event: 1.751 Thread 0x000001d40b585420 Thread added: 0x000001d45e421f50
Event: 2.272 Thread 0x000001d45e421f50 Thread exited: 0x000001d45e421f50
Event: 2.529 Thread 0x000001d40b585420 Thread added: 0x000001d45e421230
Event: 2.571 Thread 0x000001d45e421230 Thread exited: 0x000001d45e421230
Event: 5.029 Thread 0x000001d40b585420 Thread added: 0x000001d45e41fe80
Event: 5.030 Thread 0x000001d45e41fe80 Thread added: 0x000001d45e421f50
Event: 5.036 Thread 0x000001d40b585420 Thread added: 0x000001d45e41f7f0


Dynamic libraries:
0x00007ff7f4950000 - 0x00007ff7f495e000 	C:\Users\GabrielSales\Documents\sts-4.27.0.RELEASE\plugins\org.eclipse.justj.openjdk.hotspot.jre.full.win32.x86_64_21.0.5.v20241023-1957\jre\bin\javaw.exe
0x00007ffc96b00000 - 0x00007ffc96d63000 	C:\WINDOWS\SYSTEM32\ntdll.dll
0x00007ffc96980000 - 0x00007ffc96a47000 	C:\WINDOWS\System32\KERNEL32.DLL
0x00007ffc93f30000 - 0x00007ffc942f7000 	C:\WINDOWS\System32\KERNELBASE.dll
0x00007ffc94550000 - 0x00007ffc9469c000 	C:\WINDOWS\System32\ucrtbase.dll
0x00007ffc8c6b0000 - 0x00007ffc8c6c8000 	C:\Users\GabrielSales\Documents\sts-4.27.0.RELEASE\plugins\org.eclipse.justj.openjdk.hotspot.jre.full.win32.x86_64_21.0.5.v20241023-1957\jre\bin\jli.dll
0x00007ffc8c690000 - 0x00007ffc8c6ae000 	C:\Users\GabrielSales\Documents\sts-4.27.0.RELEASE\plugins\org.eclipse.justj.openjdk.hotspot.jre.full.win32.x86_64_21.0.5.v20241023-1957\jre\bin\VCRUNTIME140.dll
0x00007ffc95430000 - 0x00007ffc955f9000 	C:\WINDOWS\System32\USER32.dll
0x00007ffc79e30000 - 0x00007ffc7a0c0000 	C:\WINDOWS\WinSxS\amd64_microsoft.windows.common-controls_6595b64144ccf1df_6.0.26100.3037_none_3e09262ce333c378\COMCTL32.dll
0x00007ffc94480000 - 0x00007ffc944a7000 	C:\WINDOWS\System32\win32u.dll
0x00007ffc94a70000 - 0x00007ffc94b19000 	C:\WINDOWS\System32\msvcrt.dll
0x00007ffc96670000 - 0x00007ffc9669a000 	C:\WINDOWS\System32\GDI32.dll
0x00007ffc946a0000 - 0x00007ffc947cb000 	C:\WINDOWS\System32\gdi32full.dll
0x00007ffc94890000 - 0x00007ffc94933000 	C:\WINDOWS\System32\msvcp_win.dll
0x00007ffc95730000 - 0x00007ffc9575f000 	C:\WINDOWS\System32\IMM32.DLL
0x00007ffc8c500000 - 0x00007ffc8c50c000 	C:\Users\GabrielSales\Documents\sts-4.27.0.RELEASE\plugins\org.eclipse.justj.openjdk.hotspot.jre.full.win32.x86_64_21.0.5.v20241023-1957\jre\bin\vcruntime140_1.dll
0x00007ffc8b680000 - 0x00007ffc8b70d000 	C:\Users\GabrielSales\Documents\sts-4.27.0.RELEASE\plugins\org.eclipse.justj.openjdk.hotspot.jre.full.win32.x86_64_21.0.5.v20241023-1957\jre\bin\msvcp140.dll
0x00007ffc37d50000 - 0x00007ffc38adf000 	C:\Users\GabrielSales\Documents\sts-4.27.0.RELEASE\plugins\org.eclipse.justj.openjdk.hotspot.jre.full.win32.x86_64_21.0.5.v20241023-1957\jre\bin\server\jvm.dll
0x00007ffc95360000 - 0x00007ffc95414000 	C:\WINDOWS\System32\ADVAPI32.dll
0x00007ffc96720000 - 0x00007ffc967c6000 	C:\WINDOWS\System32\sechost.dll
0x00007ffc967d0000 - 0x00007ffc968e6000 	C:\WINDOWS\System32\RPCRT4.dll
0x00007ffc95650000 - 0x00007ffc956c4000 	C:\WINDOWS\System32\WS2_32.dll
0x00007ffc8b270000 - 0x00007ffc8b27b000 	C:\WINDOWS\SYSTEM32\VERSION.dll
0x00007ffc93b70000 - 0x00007ffc93bbe000 	C:\WINDOWS\SYSTEM32\POWRPROF.dll
0x00007ffc85820000 - 0x00007ffc85856000 	C:\WINDOWS\SYSTEM32\WINMM.dll
0x00007ffc93b50000 - 0x00007ffc93b64000 	C:\WINDOWS\SYSTEM32\UMPDC.dll
0x00007ffc92cd0000 - 0x00007ffc92cea000 	C:\WINDOWS\SYSTEM32\kernel.appcore.dll
0x00007ffc6a060000 - 0x00007ffc6a06a000 	C:\Users\GabrielSales\Documents\sts-4.27.0.RELEASE\plugins\org.eclipse.justj.openjdk.hotspot.jre.full.win32.x86_64_21.0.5.v20241023-1957\jre\bin\jimage.dll
0x00007ffc893b0000 - 0x00007ffc895f1000 	C:\WINDOWS\SYSTEM32\DBGHELP.DLL
0x00007ffc962e0000 - 0x00007ffc9665e000 	C:\WINDOWS\System32\combase.dll
0x00007ffc95770000 - 0x00007ffc95846000 	C:\WINDOWS\System32\OLEAUT32.dll
0x00007ffc84390000 - 0x00007ffc843c9000 	C:\WINDOWS\SYSTEM32\dbgcore.DLL
0x00007ffc944b0000 - 0x00007ffc94549000 	C:\WINDOWS\System32\bcryptPrimitives.dll
0x00007ffc6a040000 - 0x00007ffc6a05f000 	C:\Users\GabrielSales\Documents\sts-4.27.0.RELEASE\plugins\org.eclipse.justj.openjdk.hotspot.jre.full.win32.x86_64_21.0.5.v20241023-1957\jre\bin\java.dll
0x00007ffc94b50000 - 0x00007ffc95254000 	C:\WINDOWS\System32\SHELL32.dll
0x00007ffc91ba0000 - 0x00007ffc923d7000 	C:\WINDOWS\SYSTEM32\windows.storage.dll
0x00007ffc96050000 - 0x00007ffc96139000 	C:\WINDOWS\System32\SHCORE.dll
0x00007ffc96a60000 - 0x00007ffc96abd000 	C:\WINDOWS\System32\shlwapi.dll
0x00007ffc93db0000 - 0x00007ffc93dde000 	C:\WINDOWS\SYSTEM32\profapi.dll
0x00007ffc69950000 - 0x00007ffc69968000 	C:\Users\GabrielSales\Documents\sts-4.27.0.RELEASE\plugins\org.eclipse.justj.openjdk.hotspot.jre.full.win32.x86_64_21.0.5.v20241023-1957\jre\bin\zip.dll
0x00007ffc69940000 - 0x00007ffc69950000 	C:\Users\GabrielSales\Documents\sts-4.27.0.RELEASE\plugins\org.eclipse.justj.openjdk.hotspot.jre.full.win32.x86_64_21.0.5.v20241023-1957\jre\bin\net.dll
0x00007ffc8c2d0000 - 0x00007ffc8c3ee000 	C:\WINDOWS\SYSTEM32\WINHTTP.dll
0x00007ffc931e0000 - 0x00007ffc93248000 	C:\WINDOWS\system32\mswsock.dll
0x00007ffc690e0000 - 0x00007ffc690f6000 	C:\Users\GabrielSales\Documents\sts-4.27.0.RELEASE\plugins\org.eclipse.justj.openjdk.hotspot.jre.full.win32.x86_64_21.0.5.v20241023-1957\jre\bin\nio.dll
0x00007ffc8c4f0000 - 0x00007ffc8c4fa000 	C:\Users\GabrielSales\Documents\sts-4.27.0.RELEASE\plugins\org.eclipse.justj.openjdk.hotspot.jre.full.win32.x86_64_21.0.5.v20241023-1957\jre\bin\management.dll
0x00007ffc8c160000 - 0x00007ffc8c16b000 	C:\Users\GabrielSales\Documents\sts-4.27.0.RELEASE\plugins\org.eclipse.justj.openjdk.hotspot.jre.full.win32.x86_64_21.0.5.v20241023-1957\jre\bin\management_ext.dll
0x00007ffc96a50000 - 0x00007ffc96a58000 	C:\WINDOWS\System32\PSAPI.DLL
0x00007ffc8c4d0000 - 0x00007ffc8c4e8000 	C:\WINDOWS\system32\napinsp.dll
0x00007ffc92780000 - 0x00007ffc928a5000 	C:\WINDOWS\SYSTEM32\DNSAPI.dll
0x00007ffc926f0000 - 0x00007ffc92722000 	C:\WINDOWS\SYSTEM32\IPHLPAPI.DLL
0x00007ffc94b40000 - 0x00007ffc94b4a000 	C:\WINDOWS\System32\NSI.dll
0x00007ffc8c4b0000 - 0x00007ffc8c4c2000 	C:\WINDOWS\System32\winrnr.dll
0x00007ffc8c480000 - 0x00007ffc8c4a2000 	C:\WINDOWS\system32\nlansp_c.dll
0x00007ffc8a900000 - 0x00007ffc8a916000 	C:\WINDOWS\system32\wshbth.dll
0x00007ffc8af50000 - 0x00007ffc8af5b000 	C:\Windows\System32\rasadhlp.dll
0x00007ffc8e060000 - 0x00007ffc8e0e5000 	C:\WINDOWS\System32\fwpuclnt.dll
0x00007ffc93480000 - 0x00007ffc9349c000 	C:\WINDOWS\SYSTEM32\CRYPTSP.dll
0x00007ffc92c30000 - 0x00007ffc92c68000 	C:\WINDOWS\system32\rsaenh.dll
0x00007ffc93280000 - 0x00007ffc932ab000 	C:\WINDOWS\SYSTEM32\USERENV.dll
0x00007ffc936c0000 - 0x00007ffc936e6000 	C:\WINDOWS\SYSTEM32\bcrypt.dll
0x00007ffc934a0000 - 0x00007ffc934ac000 	C:\WINDOWS\SYSTEM32\CRYPTBASE.dll
0x00007ffc8b5f0000 - 0x00007ffc8b5f9000 	C:\Users\GabrielSales\Documents\sts-4.27.0.RELEASE\plugins\org.eclipse.justj.openjdk.hotspot.jre.full.win32.x86_64_21.0.5.v20241023-1957\jre\bin\extnet.dll
0x00007ffc8c420000 - 0x00007ffc8c42e000 	C:\Users\GabrielSales\Documents\sts-4.27.0.RELEASE\plugins\org.eclipse.justj.openjdk.hotspot.jre.full.win32.x86_64_21.0.5.v20241023-1957\jre\bin\sunmscapi.dll
0x00007ffc94300000 - 0x00007ffc94476000 	C:\WINDOWS\System32\CRYPT32.dll
0x00007ffc93680000 - 0x00007ffc936b0000 	C:\WINDOWS\SYSTEM32\ncrypt.dll
0x00007ffc93630000 - 0x00007ffc9366f000 	C:\WINDOWS\SYSTEM32\NTASN1.dll

dbghelp: loaded successfully - version: 4.0.5 - missing functions: none
symbol engine: initialized successfully - sym options: 0x614 - pdb path: .;C:\Users\GabrielSales\Documents\sts-4.27.0.RELEASE\plugins\org.eclipse.justj.openjdk.hotspot.jre.full.win32.x86_64_21.0.5.v20241023-1957\jre\bin;C:\WINDOWS\SYSTEM32;C:\WINDOWS\WinSxS\amd64_microsoft.windows.common-controls_6595b64144ccf1df_6.0.26100.3037_none_3e09262ce333c378;C:\Users\GabrielSales\Documents\sts-4.27.0.RELEASE\plugins\org.eclipse.justj.openjdk.hotspot.jre.full.win32.x86_64_21.0.5.v20241023-1957\jre\bin\server

VM Arguments:
jvm_args: -Dcom.sun.management.jmxremote -Dcom.sun.management.jmxremote.port=63302 -Dcom.sun.management.jmxremote.authenticate=false -Dcom.sun.management.jmxremote.ssl=false -Djava.rmi.server.hostname=localhost -Dspring.jmx.enabled=true -Dmanagement.endpoints.jmx.exposure.include=* -Dspring.application.admin.enabled=true -XX:TieredStopAtLevel=1 -Dspring.boot.project.name=sensors-contract -Dfile.encoding=UTF-8 -Dstdout.encoding=UTF-8 -Dstderr.encoding=UTF-8 -XX:+ShowCodeDetailsInExceptionMessages 
java_command: com.maqfiltros.sensors_contract.SensorsContractApplication --spring.output.ansi.enabled=always
java_class_path (initial): C:\Users\GabrielSales\Documents\ESP32\BackEnd\SpringBoot\sensors-contract\target\classes;C:\Users\GabrielSales\.m2\repository\org\springframework\boot\spring-boot-starter-web\3.4.1\spring-boot-starter-web-3.4.1.jar;C:\Users\GabrielSales\.m2\repository\org\springframework\boot\spring-boot-starter\3.4.1\spring-boot-starter-3.4.1.jar;C:\Users\GabrielSales\.m2\repository\org\springframework\boot\spring-boot\3.4.1\spring-boot-3.4.1.jar;C:\Users\GabrielSales\.m2\repository\org\springframework\boot\spring-boot-autoconfigure\3.4.1\spring-boot-autoconfigure-3.4.1.jar;C:\Users\GabrielSales\.m2\repository\org\springframework\boot\spring-boot-starter-logging\3.4.1\spring-boot-starter-logging-3.4.1.jar;C:\Users\GabrielSales\.m2\repository\ch\qos\logback\logback-classic\1.5.12\logback-classic-1.5.12.jar;C:\Users\GabrielSales\.m2\repository\ch\qos\logback\logback-core\1.5.12\logback-core-1.5.12.jar;C:\Users\GabrielSales\.m2\repository\org\apache\logging\log4j\log4j-to-slf4j\2.24.3\log4j-to-slf4j-2.24.3.jar;C:\Users\GabrielSales\.m2\repository\org\apache\logging\log4j\log4j-api\2.24.3\log4j-api-2.24.3.jar;C:\Users\GabrielSales\.m2\repository\org\slf4j\jul-to-slf4j\2.0.16\jul-to-slf4j-2.0.16.jar;C:\Users\GabrielSales\.m2\repository\jakarta\annotation\jakarta.annotation-api\2.1.1\jakarta.annotation-api-2.1.1.jar;C:\Users\GabrielSales\.m2\repository\org\yaml\snakeyaml\2.3\snakeyaml-2.3.jar;C:\Users\GabrielSales\.m2\repository\org\springframework\boot\spring-boot-starter-json\3.4.1\spring-boot-starter-json-3.4.1.jar;C:\Users\GabrielSales\.m2\repository\com\fasterxml\jackson\core\jackson-databind\2.18.2\jackson-databind-2.18.2.jar;C:\Users\GabrielSales\.m2\repository\com\fasterxml\jackson\core\jackson-annotations\2.18.2\jackson-annotations-2.18.2.jar;C:\Users\GabrielSales\.m2\repository\com\fasterxml\jackson\core\jackson-core\2.18.2\jackson-core-2.18.2.jar;C:\Users\GabrielSales\.m2\repository\com\fasterxml\jackson\datatype\jackson-datatype-jdk8\2.18.2\jackson-datatype-jdk8-2.18.2.jar;C:\Users\GabrielSales\.m2\repository\com\fasterxml\jackson\datatype\jackson-datatype-jsr310\2.18.2\jackson-datatype-jsr310-2.18.2.jar;C:\Users\GabrielSales\.m2\repository\com\fasterxml\jackson\module\jackson-module-parameter-names\2.18.2\jackson-module-parameter-names-2.18.2.jar;C:\Users\GabrielSales\.m2\repository\org\springframework\boot\spring-boot-starter-tomcat\3.4.1\spring-boot-starter-tomcat-3.4.1.jar;C:\Users\GabrielSales\.m2\repository\org\apache\tomcat\embed\tomcat-embed-core\10.1.34\tomcat-embed-core-10.1.34.jar;C:\Users\GabrielSales\.m2\repository\org\apache\tomcat\embed\tomcat-embed-el\10.1.34\tomcat-embed-el-10.1.34.jar;C:\Users\GabrielSales\.m2\repository\org\apache\tomcat\embed\tomcat-embed-websocket\10.1.34\tomcat-embed-websocket-10.1.34.jar;C:\Users\GabrielSales\.m2\repository\org\springframework\spring-web\6.2.1\spring-web-6.2.1.jar;C:\Users\GabrielSales\.m2\repository\org\springframework\spring-beans\6.2.1\spring-beans-6.2.1.jar;C:\Users\GabrielSales\.m2\repository\io\micrometer\micrometer-observation\1.14.2\micrometer-observation-1.14.2.jar;C:\Users\GabrielSales\.m2\repository\io\micrometer\micrometer-commons\1.14.2\micrometer-commons-1.14.2.jar;C:\Users\GabrielSales\.m2\repository\org\springframework\spring-webmvc\6.2.1\spring-webmvc-6.2.1.jar;C:\Users\GabrielSales\.m2\repository\org\springframework\spring-aop\6.2.1\spring-aop-6.2.1.jar;C:\Users\GabrielSales\.m2\repository\org\springframework\spring-context\6.2.1\spring-context-6.2.1.jar;C:\Users\GabrielSales\.m2\repository\org\springframework\spring-expression\6.2.1\spring-expression-6.2.1.jar;C:\Users\GabrielSales\.m2\repository\org\slf4j\slf4j-api\2.0.16\slf4j-api-2.0.16.jar;C:\Users\GabrielSales\.m2\repository\jakarta\xml\bind\jakarta.xml.bind-api\4.0.2\jakarta.xml.bind-api-4.0.2.jar;C:\Users\GabrielSales\.m2\repository\jakarta\activation\jakarta.activation-api\2.1.3\jakarta.activation-api-2.1.3.jar;C:\Users\GabrielSales\.m2\repository\net\bytebuddy\byte-buddy\1.15.11\byte-buddy-1.15.11.jar;C:\Users\GabrielSales\.m2\repository\org\springframework\spring-core\6.2.1\spring-core-6.2.1.jar;C:\Users\GabrielSales\.m2\repository\org\springframework\spring-jcl\6.2.1\spring-jcl-6.2.1.jar;C:\Users\GabrielSales\.m2\repository\org\springframework\boot\spring-boot-starter-data-jpa\3.4.1\spring-boot-starter-data-jpa-3.4.1.jar;C:\Users\GabrielSales\.m2\repository\org\springframework\boot\spring-boot-starter-jdbc\3.4.1\spring-boot-starter-jdbc-3.4.1.jar;C:\Users\GabrielSales\.m2\repository\com\zaxxer\HikariCP\5.1.0\HikariCP-5.1.0.jar;C:\Users\GabrielSales\.m2\repository\org\springframework\spring-jdbc\6.2.1\spring-jdbc-6.2.1.jar;C:\Users\GabrielSales\.m2\repository\org\hibernate\orm\hibernate-core\6.6.4.Final\hibernate-core-6.6.4.Final.jar;C:\Users\GabrielSales\.m2\repository\jakarta\persistence\jakarta.persistence-api\3.1.0\jakarta.persistence-api-3.1.0.jar;C:\Users\GabrielSales\.m2\repository\jakarta\transaction\jakarta.transaction-api\2.0.1\jakarta.transaction-api-2.0.1.jar;C:\Users\GabrielSales\.m2\repository\org\jboss\logging\jboss-logging\3.6.1.Final\jboss-logging-3.6.1.Final.jar;C:\Users\GabrielSales\.m2\repository\org\hibernate\common\hibernate-commons-annotations\7.0.3.Final\hibernate-commons-annotations-7.0.3.Final.jar;C:\Users\GabrielSales\.m2\repository\io\smallrye\jandex\3.2.0\jandex-3.2.0.jar;C:\Users\GabrielSales\.m2\repository\com\fasterxml\classmate\1.7.0\classmate-1.7.0.jar;C:\Users\GabrielSales\.m2\repository\org\glassfish\jaxb\jaxb-runtime\4.0.5\jaxb-runtime-4.0.5.jar;C:\Users\GabrielSales\.m2\repository\org\glassfish\jaxb\jaxb-core\4.0.5\jaxb-core-4.0.5.jar;C:\Users\GabrielSales\.m2\repository\org\eclipse\angus\angus-activation\2.0.2\angus-activation-2.0.2.jar;C:\Users\GabrielSales\.m2\repository\org\glassfish\jaxb\txw2\4.0.5\txw2-4.0.5.jar;C:\Users\GabrielSales\.m2\repository\com\sun\istack\istack-commons-runtime\4.1.2\istack-commons-runtime-4.1.2.jar;C:\Users\GabrielSales\.m2\repository\jakarta\inject\jakarta.inject-api\2.0.1\jakarta.inject-api-2.0.1.jar;C:\Users\GabrielSales\.m2\repository\org\antlr\antlr4-runtime\4.13.0\antlr4-runtime-4.13.0.jar;C:\Users\GabrielSales\.m2\repository\org\springframework\data\spring-data-jpa\3.4.1\spring-data-jpa-3.4.1.jar;C:\Users\GabrielSales\.m2\repository\org\springframework\data\spring-data-commons\3.4.1\spring-data-commons-3.4.1.jar;C:\Users\GabrielSales\.m2\repository\org\springframework\spring-orm\6.2.1\spring-orm-6.2.1.jar;C:\Users\GabrielSales\.m2\repository\org\springframework\spring-tx\6.2.1\spring-tx-6.2.1.jar;C:\Users\GabrielSales\.m2\repository\org\springframework\spring-aspects\6.2.1\spring-aspects-6.2.1.jar;C:\Users\GabrielSales\.m2\repository\org\aspectj\aspectjweaver\1.9.22.1\aspectjweaver-1.9.22.1.jar;C:\Users\GabrielSales\.m2\repository\com\h2database\h2\2.3.232\h2-2.3.232.jar;C:\Users\GabrielSales\.m2\repository\org\postgresql\postgresql\42.7.4\postgresql-42.7.4.jar;C:\Users\GabrielSales\.m2\repository\org\checkerframework\checker-qual\3.42.0\checker-qual-3.42.0.jar;C:\Users\GabrielSales\.m2\repository\org\eclipse\paho\org.eclipse.paho.client.mqttv3\1.2.5\org.eclipse.paho.client.mqttv3-1.2.5.jar;C:\Users\GabrielSales\.m2\repository\org\springframework\integration\spring-integration-mqtt\6.4.1\spring-integration-mqtt-6.4.1.jar;C:\Users\GabrielSales\.m2\repository\org\springframework\integration\spring-integration-core\6.4.1\spring-integration-core-6.4.1.jar;C:\Users\GabrielSales\.m2\repository\org\springframework\spring-messaging\6.2.1\spring-messaging-6.2.1.jar;C:\Users\GabrielSales\.m2\repository\org\springframework\retry\spring-retry\2.0.11\spring-retry-2.0.11.jar;C:\Users\GabrielSales\.m2\repository\io\projectreactor\reactor-core\3.7.1\reactor-core-3.7.1.jar;C:\Users\GabrielSales\.m2\repository\org\reactivestreams\reactive-streams\1.0.4\reactive-streams-1.0.4.jar;C:\Users\GabrielSales\.m2\repository\org\springframework\boot\spring-boot-starter-webflux\3.4.1\spring-boot-starter-webflux-3.4.1.jar;C:\Users\GabrielSales\.m2\repository\org\springframework\boot\spring-boot-starter-reactor-netty\3.4.1\spring-boot-starter-reactor-netty-3.4.1.jar;C:\Users\GabrielSales\.m2\repository\io\projectreactor\netty\reactor-netty-http\1.2.1\reactor-netty-http-1.2.1.jar;C:\Users\GabrielSales\.m2\repository\io\netty\netty-codec-http\4.1.116.Final\netty-codec-http-4.1.116.Final.jar;C:\Users\GabrielSales\.m2\repository\io\netty\netty-common\4.1.116.Final\netty-common-4.1.116.Final.jar;C:\Users\GabrielSales\.m2\repository\io\netty\netty-buffer\4.1.116.Final\netty-buffer-4.1.116.Final.jar;C:\Users\GabrielSales\.m2\repository\io\netty\netty-transport\4.1.116.Final\netty-transport-4.1.116.Final.jar;C:\Users\GabrielSales\.m2\repository\io\netty\netty-codec\4.1.116.Final\netty-codec-4.1.116.Final.jar;C:\Users\GabrielSales\.m2\repository\io\netty\netty-handler\4.1.116.Final\netty-handler-4.1.116.Final.jar;C:\Users\GabrielSales\.m2\repository\io\netty\netty-codec-http2\4.1.116.Final\netty-codec-http2-4.1.116.Final.jar;C:\Users\GabrielSales\.m2\repository\io\netty\netty-resolver-dns\4.1.116.Final\netty-resolver-dns-4.1.116.Final.jar;C:\Users\GabrielSales\.m2\repository\io\netty\netty-resolver\4.1.116.Final\netty-resolver-4.1.116.Final.jar;C:\Users\GabrielSales\.m2\repository\io\netty\netty-codec-dns\4.1.116.Final\netty-codec-dns-4.1.116.Final.jar;C:\Users\GabrielSales\.m2\repository\io\netty\netty-resolver-dns-native-macos\4.1.116.Final\netty-resolver-dns-native-macos-4.1.116.Final-osx-x86_64.jar;C:\Users\GabrielSales\.m2\repository\io\netty\netty-resolver-dns-classes-macos\4.1.116.Final\netty-resolver-dns-classes-macos-4.1.116.Final.jar;C:\Users\GabrielSales\.m2\repository\io\netty\netty-transport-native-epoll\4.1.116.Final\netty-transport-native-epoll-4.1.116.Final-linux-x86_64.jar;C:\Users\GabrielSales\.m2\repository\io\netty\netty-transport-native-unix-common\4.1.116.Final\netty-transport-native-unix-common-4.1.116.Final.jar;C:\Users\GabrielSales\.m2\repository\io\netty\netty-transport-classes-epoll\4.1.116.Final\netty-transport-classes-epoll-4.1.116.Final.jar;C:\Users\GabrielSales\.m2\repository\io\projectreactor\netty\reactor-netty-core\1.2.1\reactor-netty-core-1.2.1.jar;C:\Users\GabrielSales\.m2\repository\io\netty\netty-handler-proxy\4.1.116.Final\netty-handler-proxy-4.1.116.Final.jar;C:\Users\GabrielSales\.m2\repository\io\netty\netty-codec-socks\4.1.116.Final\netty-codec-socks-4.1.116.Final.jar;C:\Users\GabrielSales\.m2\repository\org\springframework\spring-webflux\6.2.1\spring-webflux-6.2.1.jar
Launcher Type: SUN_STANDARD

[Global flags]
     intx CICompilerCount                          = 4                                         {product} {ergonomic}
     uint ConcGCThreads                            = 2                                         {product} {ergonomic}
     uint G1ConcRefinementThreads                  = 8                                         {product} {ergonomic}
   size_t G1HeapRegionSize                         = 1048576                                   {product} {ergonomic}
    uintx GCDrainStackTargetSize                   = 64                                        {product} {ergonomic}
   size_t InitialHeapSize                          = 96468992                                  {product} {ergonomic}
     bool ManagementServer                         = true                                      {product} {command line}
   size_t MarkStackSize                            = 4194304                                   {product} {ergonomic}
   size_t MaxHeapSize                              = 1541406720                                {product} {ergonomic}
   size_t MaxNewSize                               = 924844032                                 {product} {ergonomic}
   size_t MinHeapDeltaBytes                        = 1048576                                   {product} {ergonomic}
   size_t MinHeapSize                              = 8388608                                   {product} {ergonomic}
    uintx NonNMethodCodeHeapSize                   = 4096                                   {pd product} {ergonomic}
    uintx NonProfiledCodeHeapSize                  = 0                                      {pd product} {ergonomic}
     bool ProfileInterpreter                       = false                                  {pd product} {command line}
    uintx ProfiledCodeHeapSize                     = 0                                      {pd product} {ergonomic}
     bool ShowCodeDetailsInExceptionMessages       = true                                   {manageable} {command line}
   size_t SoftMaxHeapSize                          = 1541406720                             {manageable} {ergonomic}
     intx TieredStopAtLevel                        = 1                                         {product} {command line}
     bool UseCompressedOops                        = true                           {product lp64_product} {ergonomic}
     bool UseG1GC                                  = true                                      {product} {ergonomic}
     bool UseLargePagesIndividualAllocation        = false                                  {pd product} {ergonomic}

Logging:
Log output configuration:
 #0: stdout all=warning uptime,level,tags foldmultilines=false
 #1: stderr all=off uptime,level,tags foldmultilines=false

Environment Variables:
JAVA_HOME=C:\Program Files\Java\jdk-23
PATH=C:/Users/GabrielSales/Documents/sts-4.27.0.RELEASE//plugins/org.eclipse.justj.openjdk.hotspot.jre.full.win32.x86_64_21.0.5.v20241023-1957/jre/bin/server;C:/Users/GabrielSales/Documents/sts-4.27.0.RELEASE//plugins/org.eclipse.justj.openjdk.hotspot.jre.full.win32.x86_64_21.0.5.v20241023-1957/jre/bin;C:\Program Files\Common Files\Oracle\Java\javapath;C:\Python312\Scripts\;C:\Python312\;C:\Windows\system32;C:\Windows;C:\Windows\System32\Wbem;C:\Windows\System32\WindowsPowerShell\v1.0\;C:\Windows\System32\OpenSSH\;C:\Program Files\dotnet\;C:\Program Files\Microsoft SQL Server\120\Tools\Binn\;C:\Program Files\Common Files\Autodesk Shared\;C:\Program Files\Microsoft SQL Server\150\Tools\Binn\;C:\Users\renan\AppData\Local\Microsoft\WindowsApps;C:\CorelDraw\py.exe;C:\ProgramData\chocolatey\bin;C:\Program Files\nodejs\;C:\Program Files\Docker\Docker\resources\bin;C:\Program Files\Git\cmd;C:\WINDOWS\system32;C:\WINDOWS;C:\WINDOWS\System32\Wbem;C:\WINDOWS\System32\WindowsPowerShell\v1.0\;C:\WINDOWS\System32\OpenSSH\;C:\Users\GabrielSales\AppData\Local\Microsoft\WindowsApps;C:\Program Files\Maven\bin;C:\Program Files\Java\jdk-23\bin;C:\Users\GabrielSales\AppData\Local\Programs\Microsoft VS Code\bin;C:\Program Files\mosquitto;;C:\Users\GabrielSales\Documents\sts-4.27.0.RELEASE;
USERNAME=GabrielSales
OS=Windows_NT
PROCESSOR_IDENTIFIER=AMD64 Family 23 Model 160 Stepping 0, AuthenticAMD
TMP=C:\Users\GABRIE~2\AppData\Local\Temp
TEMP=C:\Users\GABRIE~2\AppData\Local\Temp




Periodic native trim disabled

---------------  S Y S T E M  ---------------

OS:
 Windows 11 , 64 bit Build 26100 (10.0.26100.3037)
OS uptime: 2 days 3:38 hours
Hyper-V role detected

CPU: total 8 (initial active 8) (8 cores per cpu, 2 threads per core) family 23 model 160 stepping 0 microcode 0x8a00006, cx8, cmov, fxsr, ht, mmx, 3dnowpref, sse, sse2, sse3, ssse3, sse4a, sse4.1, sse4.2, popcnt, lzcnt, tsc, tscinvbit, avx, avx2, aes, clmul, bmi1, bmi2, adx, sha, fma, vzeroupper, clflush, clflushopt, hv, rdtscp, rdpid, f16c
Processor Information for all 8 processors :
  Max Mhz: 2801, Current Mhz: 2801, Mhz Limit: 2801

Memory: 4k page, system-wide physical 5877M (52M free)
TotalPageFile size 24309M (AvailPageFile size 11M)
current process WorkingSet (physical memory assigned to process): 160M, peak: 162M
current process commit charge ("private bytes"): 194M, peak: 210M

vm_info: OpenJDK 64-Bit Server VM (21.0.5+11-LTS) for windows-amd64 JRE (21.0.5+11-LTS), built on 2024-10-15T00:00:00Z by "admin" with MS VC++ 17.7 (VS2022)

END.
